[MFLOG|0|2025-01-05T10:58:52.868927Z|runtime|33cf6e10-77e7-4915-92a5-6e9b2a703a6d]Clustering with 3 clusters
[MFLOG|0|2025-01-05T10:58:52.896035Z|runtime|ea0bc448-9dab-493d-aa81-adc490571d8f]Top 3 entries from each cluster for 3 clusters:
[MFLOG|0|2025-01-05T10:58:52.898835Z|runtime|7124c011-8965-42d4-8359-41c311d99c60]    14/11/23 10.04 - Pesan dan panggilan dienkripsi secara end-to-end. Tidak seorang pun di luar chat ini  ... Cluster
[MFLOG|0|2025-01-05T10:58:52.905814Z|runtime|e76d4231-3da7-472f-9f87-f7bb52ed2d69]0       260823 19.05 -   membuat grup GDSC UMS 2023-24                                                     ...       1
[MFLOG|0|2025-01-05T10:58:52.905887Z|runtime|0e28d0c1-c194-4216-8350-388571be7787]1    141123 10.04 - Anda bergabung menggunakan taut...                                                     ...       0
[MFLOG|0|2025-01-05T10:58:52.905924Z|runtime|da011b5e-7f2d-4f77-b384-f81c8b2465c2]2    141123 10.11 - 62 897-3498-332 bergabung mengg...                                                     ...       0
[MFLOG|0|2025-01-05T10:58:52.905953Z|runtime|3e54916c-7793-4c45-a3e3-4a8ea87c58b7]3    141123 10.44 - 62 881-4165-101: gaisss yang ma...                                                     ...       0
[MFLOG|0|2025-01-05T10:58:52.905980Z|runtime|0ac9810f-93ba-40bb-b6ad-0e0a2638296b]7    141123 13.32 - Kode keamanan Anda dengan  fara...                                                     ...       1
[MFLOG|0|2025-01-05T10:58:52.906003Z|runtime|0f44e791-59a0-4d71-8d33-c30b2466385b]49   181123 12.21 - Kode keamanan Anda dengan  Muha...                                                     ...       1
[MFLOG|0|2025-01-05T10:58:52.906032Z|runtime|fad5c01e-939a-4991-a3c7-0fca04d7802c]212                                             4.Yona                                                     ...       2
[MFLOG|0|2025-01-05T10:58:52.906055Z|runtime|6ac5897e-9838-4475-a94d-8089772755b8]224                                             4.Yona                                                     ...       2
[MFLOG|0|2025-01-05T10:58:52.906077Z|runtime|e6bfbb0b-dbaf-46e9-a562-15afa41ca097]236                                             4.Yona                                                     ...       2
[MFLOG|0|2025-01-05T10:58:52.906101Z|runtime|0dbc3c74-1cee-40ed-9cda-b6e93ea287ec]
[MFLOG|0|2025-01-05T10:58:52.906125Z|runtime|fec1a566-a960-4ea1-89d1-e2d30be5d1ac][9 rows x 4 columns]
[MFLOG|0|2025-01-05T10:58:52.906147Z|runtime|9332b215-08e9-45ee-8e6b-c1a4b02bfe73]Cluster 0 top 3 words: 62, 8814165101, tidak
[MFLOG|0|2025-01-05T10:58:55.696538Z|runtime|e927916c-d26e-4dff-9ee4-7e6e04817ac0]Cluster 1 top 3 words: krl, adan, nendra
[MFLOG|0|2025-01-05T10:58:55.696755Z|runtime|721117af-fe68-4338-b39b-0d88aaf09e8e]Cluster 2 top 3 words: 4yona, zwinkle, ari
[MFLOG|0|2025-01-05T10:58:55.696824Z|runtime|747f8e1d-6126-42c4-80d7-eea03aae1410]Clustering with 4 clusters
[MFLOG|0|2025-01-05T10:58:55.704693Z|runtime|19aa757a-b194-4a41-9180-54319c7d0817]Top 3 entries from each cluster for 4 clusters:
[MFLOG|0|2025-01-05T10:58:55.707763Z|runtime|5901f73e-9577-48a3-9539-f433e51ede95]    14/11/23 10.04 - Pesan dan panggilan dienkripsi secara end-to-end. Tidak seorang pun di luar chat ini  ... Cluster
[MFLOG|0|2025-01-05T10:58:55.715526Z|runtime|aa4f755f-fd94-4c6f-8297-c60b1e8e2538]0       260823 19.05 -   membuat grup GDSC UMS 2023-24                                                     ...       1
[MFLOG|0|2025-01-05T10:58:55.715646Z|runtime|f97e0bfc-485e-4737-8afe-fb639e4f3c8e]1    141123 10.04 - Anda bergabung menggunakan taut...                                                     ...       0
[MFLOG|0|2025-01-05T10:58:55.715704Z|runtime|fa9eaca3-7476-420e-88e0-990d96c474aa]2    141123 10.11 - 62 897-3498-332 bergabung mengg...                                                     ...       0
[MFLOG|0|2025-01-05T10:58:55.715752Z|runtime|ce29d772-633d-4911-9124-cf762627542c]3    141123 10.44 - 62 881-4165-101: gaisss yang ma...                                                     ...       3
[MFLOG|0|2025-01-05T10:58:55.715785Z|runtime|bcfa19a2-0e8f-4638-b3d5-8d3563ac7cd9]4    141123 10.45 - 62 881-4165-101: nanti speakern...                                                     ...       3
[MFLOG|0|2025-01-05T10:58:55.715814Z|runtime|ce223881-cdf4-435f-82fd-78db5729876c]5    141123 10.51 - 62 857-5145-0622 bergabung meng...                                                     ...       0
[MFLOG|0|2025-01-05T10:58:55.715842Z|runtime|b3298dbe-7c25-48f6-938c-d1e83ccf283e]7    141123 13.32 - Kode keamanan Anda dengan  fara...                                                     ...       1
[MFLOG|0|2025-01-05T10:58:55.715878Z|runtime|85e22d51-f3f4-49f5-8a00-b9915ad764f5]27          171123 09.38 - 62 881-4165-101: hello guys                                                     ...       3
[MFLOG|0|2025-01-05T10:58:55.715905Z|runtime|5da7892b-9d6c-4e56-ba40-8437cd3780da]43   171123 13.55 - 62 857-0222-0093: Lohe padahal ...                                                     ...       1
[MFLOG|0|2025-01-05T10:58:55.716093Z|runtime|5568d0d9-a65f-4b90-b401-5cd3a8cbf4ac]212                                             4.Yona                                                     ...       2
[MFLOG|0|2025-01-05T10:58:55.716177Z|runtime|b9afb112-4292-4c8e-924b-470d97302d4d]224                                             4.Yona                                                     ...       2
[MFLOG|0|2025-01-05T10:58:55.716214Z|runtime|fdf7fcf2-4773-43f9-903b-6061d7e91621]236                                             4.Yona                                                     ...       2
[MFLOG|0|2025-01-05T10:58:55.716317Z|runtime|f60f2123-500e-4301-9b7e-f2d2f12e9861]
[MFLOG|0|2025-01-05T10:58:55.716372Z|runtime|c65581a1-34d2-4fbf-bd07-3129c467381f][12 rows x 4 columns]
[MFLOG|0|2025-01-05T10:58:55.716410Z|runtime|e26c24ae-410d-4307-af92-cd0838744273]Cluster 0 top 3 words: ini, pesan, menggunakan
[MFLOG|0|2025-01-05T10:58:56.879501Z|runtime|1fb777aa-534b-48be-8ed6-bdcb692a9f44]Cluster 1 top 3 words: krl, adan, nendra
[MFLOG|0|2025-01-05T10:58:56.879765Z|runtime|33445f8c-c3bc-4ff3-9601-ad445fe0eec1]Cluster 2 top 3 words: 4yona, zwinkle, ari
[MFLOG|0|2025-01-05T10:58:56.879851Z|runtime|7aee074a-a586-4ede-b883-68ffa2c6e8b7]Cluster 3 top 3 words: 62, 8814165101, tidak
[MFLOG|0|2025-01-05T10:58:56.879933Z|runtime|5a87dd90-e669-4116-86e4-2f407c497cde]Clustering with 5 clusters
[MFLOG|0|2025-01-05T10:58:56.890985Z|runtime|e53858d3-6534-48db-a89b-8107fe032ec4]Top 3 entries from each cluster for 5 clusters:
[MFLOG|0|2025-01-05T10:58:56.894455Z|runtime|f06a3cac-e7a9-4dc3-b6fd-b4d634b3fcd6]     14/11/23 10.04 - Pesan dan panggilan dienkripsi secara end-to-end. Tidak seorang pun di luar chat ini  ... Cluster
[MFLOG|0|2025-01-05T10:58:56.901715Z|runtime|40ecacb4-846d-4e62-a887-d1b76480d72f]0        260823 19.05 -   membuat grup GDSC UMS 2023-24                                                     ...       1
[MFLOG|0|2025-01-05T10:58:56.901801Z|runtime|0d4a32c0-96e1-4c5b-9129-64b4ff738c1d]1     141123 10.04 - Anda bergabung menggunakan taut...                                                     ...       0
[MFLOG|0|2025-01-05T10:58:56.901847Z|runtime|15d416b4-1154-4822-9c1a-2287ddccee12]2     141123 10.11 - 62 897-3498-332 bergabung mengg...                                                     ...       0
[MFLOG|0|2025-01-05T10:58:56.901886Z|runtime|c6e69534-7c90-4c82-9bcd-1c9d53203016]3     141123 10.44 - 62 881-4165-101: gaisss yang ma...                                                     ...       3
[MFLOG|0|2025-01-05T10:58:56.901922Z|runtime|1a19a645-6526-4a18-90b5-13f32e713fff]4     141123 10.45 - 62 881-4165-101: nanti speakern...                                                     ...       3
[MFLOG|0|2025-01-05T10:58:56.901958Z|runtime|993a18cc-f24d-467b-8a78-d720b037f285]5     141123 10.51 - 62 857-5145-0622 bergabung meng...                                                     ...       0
[MFLOG|0|2025-01-05T10:58:56.901992Z|runtime|1b5e1e9a-75fd-476e-8b5a-aecc59cc1dca]7     141123 13.32 - Kode keamanan Anda dengan  fara...                                                     ...       1
[MFLOG|0|2025-01-05T10:58:56.902026Z|runtime|53abb8db-ad53-464b-b0a3-40f3da3a848b]27           171123 09.38 - 62 881-4165-101: hello guys                                                     ...       3
[MFLOG|0|2025-01-05T10:58:56.902059Z|runtime|507c74f2-771f-4c07-a1d6-811260dce039]43    171123 13.55 - 62 857-0222-0093: Lohe padahal ...                                                     ...       1
[MFLOG|0|2025-01-05T10:58:56.902091Z|runtime|a0828b03-b646-4124-89a5-6653d5b01550]86            201123 19.33 - 62 823-3916-8375: gass yuk                                                     ...       4
[MFLOG|0|2025-01-05T10:58:56.902124Z|runtime|df899ec4-c657-40d4-a36d-c35517607351]180   221123 19.05 - 62 881-4165-101: yuk udh mau di...                                                     ...       4
[MFLOG|0|2025-01-05T10:58:56.902160Z|runtime|41c5a0a8-dd73-4035-ba52-3074848784aa]212                                              4.Yona                                                     ...       2
[MFLOG|0|2025-01-05T10:58:56.902193Z|runtime|b734d52c-4a76-49aa-90ad-ca6ee894dfbb]224                                              4.Yona                                                     ...       2
[MFLOG|0|2025-01-05T10:58:56.902226Z|runtime|ac428362-2cf8-42da-8f79-f3ebbe7a05ab]236                                              4.Yona                                                     ...       2
[MFLOG|0|2025-01-05T10:58:56.902264Z|runtime|3eecf718-22d9-4f66-8b6e-49f3c0c17586]1151  241123 21.03 - 62 821-9750-4499: on cam yuk guyss                                                     ...       4
[MFLOG|0|2025-01-05T10:58:56.902297Z|runtime|ed231b84-00da-4b10-b29f-38fe4c8a5cd9]
[MFLOG|0|2025-01-05T10:58:56.902332Z|runtime|e00d647f-ed10-4e9c-8ed6-79ff7b4bc07b][15 rows x 4 columns]
[MFLOG|0|2025-01-05T10:58:56.902372Z|runtime|9df16f0a-6c17-4093-9759-b02a4320298f]Cluster 0 top 3 words: ini, pesan, menggunakan
[MFLOG|0|2025-01-05T10:58:58.424479Z|runtime|e5e00a0f-4885-4c1b-91b5-f71b2be1fa46]Cluster 1 top 3 words: krl, adan, nendra
[MFLOG|0|2025-01-05T10:58:58.424528Z|runtime|b932da0e-fe21-4598-b024-e480aafa2c35]Cluster 2 top 3 words: 4yona, zwinkle, ari
[MFLOG|0|2025-01-05T10:58:58.424554Z|runtime|288952c3-cb7d-4dfb-b3f4-8ec60230f07d]Cluster 3 top 3 words: 62, 8814165101, tidak
[MFLOG|0|2025-01-05T10:58:58.424576Z|runtime|f37267d1-e47a-48b5-bbd6-b77960ec5491]Cluster 4 top 3 words: yuk, 8814165101, 62
